<?xml version="1.0" encoding="UTF-8"?>
<testsuite name="com.example.s2866OrderService.controller.OrderControllerTest" tests="4" skipped="0" failures="0" errors="0" timestamp="2024-01-25T19:02:40" hostname="DESKTOP-8H12OPS" time="0.292">
  <properties/>
  <testcase name="deleteOrder()" classname="com.example.s2866OrderService.controller.OrderControllerTest" time="0.131"/>
  <testcase name="createOrder()" classname="com.example.s2866OrderService.controller.OrderControllerTest" time="0.097"/>
  <testcase name="getIsDelivered()" classname="com.example.s2866OrderService.controller.OrderControllerTest" time="0.052"/>
  <testcase name="getOrderStatus()" classname="com.example.s2866OrderService.controller.OrderControllerTest" time="0.006"/>
  <system-out><![CDATA[2024-01-25T20:02:40.220+01:00  INFO 6712 --- [    Test worker] t.c.s.AnnotationConfigContextLoaderUtils : Could not detect default configuration classes for test class [com.example.s2866OrderService.controller.OrderControllerTest]: OrderControllerTest does not declare any static, non-private, non-final, nested classes annotated with @Configuration.
2024-01-25T20:02:40.240+01:00  INFO 6712 --- [    Test worker] .b.t.c.SpringBootTestContextBootstrapper : Found @SpringBootConfiguration com.example.s2866OrderService.S2866OrderServiceApplication for test class com.example.s2866OrderService.controller.OrderControllerTest

  .   ____          _            __ _ _
 /\\ / ___'_ __ _ _(_)_ __  __ _ \ \ \ \
( ( )\___ | '_ | '_| | '_ \/ _` | \ \ \ \
 \\/  ___)| |_)| | | | | || (_| |  ) ) ) )
  '  |____| .__|_| |_|_| |_\__, | / / / /
 =========|_|==============|___/=/_/_/_/
 :: Spring Boot ::                (v3.2.2)

2024-01-25T20:02:40.283+01:00  INFO 6712 --- [    Test worker] c.e.s.controller.OrderControllerTest     : Starting OrderControllerTest using Java 21.0.2 with PID 6712 (started by Kacper in C:\Users\Kacper\IdeaProjects\MPR_project_zaliczeniowy\s2866OrderService)
2024-01-25T20:02:40.284+01:00  INFO 6712 --- [    Test worker] c.e.s.controller.OrderControllerTest     : No active profile set, falling back to 1 default profile: "default"
2024-01-25T20:02:40.656+01:00  INFO 6712 --- [    Test worker] o.s.b.t.m.w.SpringBootMockServletContext : Initializing Spring TestDispatcherServlet ''
2024-01-25T20:02:40.656+01:00  INFO 6712 --- [    Test worker] o.s.t.web.servlet.TestDispatcherServlet  : Initializing Servlet ''
2024-01-25T20:02:40.659+01:00  INFO 6712 --- [    Test worker] o.s.t.web.servlet.TestDispatcherServlet  : Completed initialization in 1 ms
2024-01-25T20:02:40.668+01:00  INFO 6712 --- [    Test worker] c.e.s.controller.OrderControllerTest     : Started OrderControllerTest in 0.421 seconds (process running for 4.973)
2024-01-25T20:02:40.905+01:00  WARN 6712 --- [    Test worker] .w.s.m.s.DefaultHandlerExceptionResolver : Resolved [org.springframework.http.converter.HttpMessageNotReadableException: Required request body is missing: public org.springframework.http.ResponseEntity<java.lang.String> com.example.s2866OrderService.controller.OrderController.createOrder(com.example.s2866OrderService.model.OrderRequest)]
]]></system-out>
  <system-err><![CDATA[]]></system-err>
</testsuite>
